# JRE version: OpenJDK Runtime Environment (8.0_131-b11) (build 1.8.0_131-8u131-b11-0ubuntu1.17.04.1-b11)
# Java VM: OpenJDK 64-Bit Server VM (25.131-b11 mixed mode linux-amd64 compressed oops)
Heap:
 PSYoungGen      total 360448K, used 345600K [0x00000000d7000000, 0x00000000edf80000, 0x0000000100000000)
  eden space 345600K, 100% used [0x00000000d7000000,0x00000000ec180000,0x00000000ec180000)
  from space 14848K, 0% used [0x00000000ed100000,0x00000000ed100000,0x00000000edf80000)
  to   space 15360K, 33% used [0x00000000ec180000,0x00000000ec67a9b0,0x00000000ed080000)
 ParOldGen       total 102912K, used 41162K [0x0000000085000000, 0x000000008b480000, 0x00000000d7000000)
  object space 102912K, 39% used [0x0000000085000000,0x0000000087832a60,0x000000008b480000)
 Metaspace       used 59973K, capacity 61834K, committed 62040K, reserved 1103872K
  class space    used 7046K, capacity 7530K, committed 7552K, reserved 1048576K
GC Heap History (10 events):
Event: 533,473 GC heap after
Heap after GC invocations=27 (full 7):
 PSYoungGen      total 321024K, used 6843K [0x00000000d7000000, 0x00000000ee180000, 0x0000000100000000)
  eden space 303616K, 0% used [0x00000000d7000000,0x00000000d7000000,0x00000000e9880000)
  from space 17408K, 39% used [0x00000000ea880000,0x00000000eaf2ec98,0x00000000eb980000)
  to   space 16384K, 0% used [0x00000000e9880000,0x00000000e9880000,0x00000000ea880000)
 ParOldGen       total 102912K, used 37800K [0x0000000085000000, 0x000000008b480000, 0x00000000d7000000)
  object space 102912K, 36% used [0x0000000085000000,0x00000000874ea3e8,0x000000008b480000)
 Metaspace       used 58877K, capacity 60424K, committed 60632K, reserved 1101824K
  class space    used 6979K, capacity 7381K, committed 7424K, reserved 1048576K
}
Event: 559,028 GC heap before
{Heap before GC invocations=28 (full 7):
 PSYoungGen      total 321024K, used 38322K [0x00000000d7000000, 0x00000000ee180000, 0x0000000100000000)
  eden space 303616K, 10% used [0x00000000d7000000,0x00000000d8ebdbb0,0x00000000e9880000)
  from space 17408K, 39% used [0x00000000ea880000,0x00000000eaf2ec98,0x00000000eb980000)
  to   space 16384K, 0% used [0x00000000e9880000,0x00000000e9880000,0x00000000ea880000)
 ParOldGen       total 102912K, used 37800K [0x0000000085000000, 0x000000008b480000, 0x00000000d7000000)
  object space 102912K, 36% used [0x0000000085000000,0x00000000874ea3e8,0x000000008b480000)
 Metaspace       used 58880K, capacity 60430K, committed 60632K, reserved 1101824K
  class space    used 6980K, capacity 7383K, committed 7424K, reserved 1048576K
Event: 559,036 GC heap after
Heap after GC invocations=28 (full 7):
 PSYoungGen      total 320000K, used 3296K [0x00000000d7000000, 0x00000000ee080000, 0x0000000100000000)
  eden space 303616K, 0% used [0x00000000d7000000,0x00000000d7000000,0x00000000e9880000)
  from space 16384K, 20% used [0x00000000e9880000,0x00000000e9bb80a0,0x00000000ea880000)
  to   space 15872K, 0% used [0x00000000ed100000,0x00000000ed100000,0x00000000ee080000)
 ParOldGen       total 102912K, used 37808K [0x0000000085000000, 0x000000008b480000, 0x00000000d7000000)
  object space 102912K, 36% used [0x0000000085000000,0x00000000874ec3e8,0x000000008b480000)
 Metaspace       used 58880K, capacity 60430K, committed 60632K, reserved 1101824K
  class space    used 6980K, capacity 7383K, committed 7424K, reserved 1048576K
}
Event: 559,036 GC heap before
{Heap before GC invocations=29 (full 8):
 PSYoungGen      total 320000K, used 3296K [0x00000000d7000000, 0x00000000ee080000, 0x0000000100000000)
  eden space 303616K, 0% used [0x00000000d7000000,0x00000000d7000000,0x00000000e9880000)
  from space 16384K, 20% used [0x00000000e9880000,0x00000000e9bb80a0,0x00000000ea880000)
  to   space 15872K, 0% used [0x00000000ed100000,0x00000000ed100000,0x00000000ee080000)
 ParOldGen       total 102912K, used 37808K [0x0000000085000000, 0x000000008b480000, 0x00000000d7000000)
  object space 102912K, 36% used [0x0000000085000000,0x00000000874ec3e8,0x000000008b480000)
 Metaspace       used 58880K, capacity 60430K, committed 60632K, reserved 1101824K
  class space    used 6980K, capacity 7383K, committed 7424K, reserved 1048576K
Event: 559,343 GC heap after
Heap after GC invocations=29 (full 8):
 PSYoungGen      total 320000K, used 0K [0x00000000d7000000, 0x00000000ee080000, 0x0000000100000000)
  eden space 303616K, 0% used [0x00000000d7000000,0x00000000d7000000,0x00000000e9880000)
  from space 16384K, 0% used [0x00000000e9880000,0x00000000e9880000,0x00000000ea880000)
  to   space 15872K, 0% used [0x00000000ed100000,0x00000000ed100000,0x00000000ee080000)
 ParOldGen       total 102912K, used 38479K [0x0000000085000000, 0x000000008b480000, 0x00000000d7000000)
  object space 102912K, 37% used [0x0000000085000000,0x0000000087593da0,0x000000008b480000)
 Metaspace       used 58880K, capacity 60430K, committed 60632K, reserved 1101824K
  class space    used 6980K, capacity 7383K, committed 7424K, reserved 1048576K
}
Event: 564,321 GC heap before
{Heap before GC invocations=30 (full 8):
 PSYoungGen      total 320000K, used 228586K [0x00000000d7000000, 0x00000000ee080000, 0x0000000100000000)
  eden space 303616K, 75% used [0x00000000d7000000,0x00000000e4f3abc0,0x00000000e9880000)
  from space 16384K, 0% used [0x00000000e9880000,0x00000000e9880000,0x00000000ea880000)
  to   space 15872K, 0% used [0x00000000ed100000,0x00000000ed100000,0x00000000ee080000)
 ParOldGen       total 102912K, used 38479K [0x0000000085000000, 0x000000008b480000, 0x00000000d7000000)
  object space 102912K, 37% used [0x0000000085000000,0x0000000087593da0,0x000000008b480000)
 Metaspace       used 59206K, capacity 60824K, committed 61016K, reserved 1103872K
  class space    used 6995K, capacity 7427K, committed 7552K, reserved 1048576K
Event: 564,328 GC heap after
Heap after GC invocations=30 (full 8):
 PSYoungGen      total 360448K, used 4322K [0x00000000d7000000, 0x00000000edf80000, 0x0000000100000000)
  eden space 345600K, 0% used [0x00000000d7000000,0x00000000d7000000,0x00000000ec180000)
  from space 14848K, 29% used [0x00000000ed100000,0x00000000ed538af0,0x00000000edf80000)
  to   space 15360K, 0% used [0x00000000ec180000,0x00000000ec180000,0x00000000ed080000)
 ParOldGen       total 102912K, used 38487K [0x0000000085000000, 0x000000008b480000, 0x00000000d7000000)
  object space 102912K, 37% used [0x0000000085000000,0x0000000087595da0,0x000000008b480000)
 Metaspace       used 59206K, capacity 60824K, committed 61016K, reserved 1103872K
  class space    used 6995K, capacity 7427K, committed 7552K, reserved 1048576K
}
Event: 564,328 GC heap before
{Heap before GC invocations=31 (full 9):
 PSYoungGen      total 360448K, used 4322K [0x00000000d7000000, 0x00000000edf80000, 0x0000000100000000)
  eden space 345600K, 0% used [0x00000000d7000000,0x00000000d7000000,0x00000000ec180000)
  from space 14848K, 29% used [0x00000000ed100000,0x00000000ed538af0,0x00000000edf80000)
  to   space 15360K, 0% used [0x00000000ec180000,0x00000000ec180000,0x00000000ed080000)
 ParOldGen       total 102912K, used 38487K [0x0000000085000000, 0x000000008b480000, 0x00000000d7000000)
  object space 102912K, 37% used [0x0000000085000000,0x0000000087595da0,0x000000008b480000)
 Metaspace       used 59206K, capacity 60824K, committed 61016K, reserved 1103872K
  class space    used 6995K, capacity 7427K, committed 7552K, reserved 1048576K
Event: 564,451 GC heap after
Heap after GC invocations=31 (full 9):
 PSYoungGen      total 360448K, used 0K [0x00000000d7000000, 0x00000000edf80000, 0x0000000100000000)
  eden space 345600K, 0% used [0x00000000d7000000,0x00000000d7000000,0x00000000ec180000)
  from space 14848K, 0% used [0x00000000ed100000,0x00000000ed100000,0x00000000edf80000)
  to   space 15360K, 0% used [0x00000000ec180000,0x00000000ec180000,0x00000000ed080000)
 ParOldGen       total 102912K, used 41154K [0x0000000085000000, 0x000000008b480000, 0x00000000d7000000)
  object space 102912K, 39% used [0x0000000085000000,0x0000000087830a60,0x000000008b480000)
 Metaspace       used 59206K, capacity 60824K, committed 61016K, reserved 1103872K
  class space    used 6995K, capacity 7427K, committed 7552K, reserved 1048576K
}
Event: 710,515 GC heap before
{Heap before GC invocations=32 (full 9):
 PSYoungGen      total 360448K, used 345600K [0x00000000d7000000, 0x00000000edf80000, 0x0000000100000000)
  eden space 345600K, 100% used [0x00000000d7000000,0x00000000ec180000,0x00000000ec180000)
  from space 14848K, 0% used [0x00000000ed100000,0x00000000ed100000,0x00000000edf80000)
  to   space 15360K, 0% used [0x00000000ec180000,0x00000000ec180000,0x00000000ed080000)
 ParOldGen       total 102912K, used 41154K [0x0000000085000000, 0x000000008b480000, 0x00000000d7000000)
  object space 102912K, 39% used [0x0000000085000000,0x0000000087830a60,0x000000008b480000)
 Metaspace       used 59973K, capacity 61834K, committed 62040K, reserved 1103872K
  class space    used 7046K, capacity 7530K, committed 7552K, reserved 1048576K

